<?xml version="1.0" encoding="UTF-8"?>
<testng-results skipped="0" failed="0" ignored="0" total="1" passed="1">
  <reporter-output>
  </reporter-output>
  <suite name="Default suite" duration-ms="13201" started-at="2020-02-20T04:16:33Z" finished-at="2020-02-20T04:16:46Z">
    <groups>
    </groups>
    <test name="Default test" duration-ms="13201" started-at="2020-02-20T04:16:33Z" finished-at="2020-02-20T04:16:46Z">
      <class name="DevOpsPhp.phpTest1">
        <test-method status="PASS" signature="runFromDevOpsPhp()[pri:0, instance:DevOpsPhp.phpTest1@29ee9faa]" name="runFromDevOpsPhp" duration-ms="13163" started-at="2020-02-20T04:16:33Z" finished-at="2020-02-20T04:16:46Z">
          <reporter-output>
          </reporter-output>
        </test-method> <!-- runFromDevOpsPhp -->
      </class> <!-- DevOpsPhp.phpTest1 -->
    </test> <!-- Default test -->
  </suite> <!-- Default suite -->
</testng-results>
